<?xml version="1.0" encoding="UTF-8"?>
<!-- Generated by org.testng.reporters.JUnitReportReporter -->
<testsuite skipped="0" hostname="172_21_0_9" name="TestNG.TestNG.testNGdemo" tests="2" failures="0" timestamp="07 十月 2018 05:58:14 GMT" time="0.014" errors="0">
  <testcase name="test2" time="0.002" classname="TestNG.TestNG.testNGdemo"/>
  <testcase name="test1" time="0.012" classname="TestNG.TestNG.testNGdemo"/>
</testsuite> <!-- TestNG.TestNG.testNGdemo -->
