<?xml version="1.0" encoding="UTF-8"?>
<!-- Generated by org.testng.reporters.JUnitReportReporter -->
<testsuite skipped="0" hostname="172_21_0_9" name="TestNG.TestNG.Select1" tests="2" failures="0" timestamp="07 十月 2018 16:09:32 GMT" time="42.846" errors="0">
  <testcase name="testUntitled" time="23.456" classname="TestNG.TestNG.Select1"/>
  <testcase name="testUntitled" time="19.390" classname="TestNG.TestNG.Select1"/>
</testsuite> <!-- TestNG.TestNG.Select1 -->
